Number of used processors (NPROC): 4.
Number of mesh partitions (NPART): 4.
Total Physical Memory = 7.92 Gb, Available Physical Memory = 3.18 Gb
Mesh generation started:	28.8.2019	12:12:14
-----------------------------------------------------------------------
Allocating meshes:
	CPU count: 4
	MESH 0:
		Sub-meshes count: 4
-----------------------------------------------------------------------
Current CPU = 0 sec
-----------------------------------------------------------------------
Geometries initialization:

Geometry database loading ...OK
-----------------------------------------------------------------------
Loading mesh settings (global/local)...
-----------------------------------------------------------------------
Number of geometries: 1
Geometry(0):
	Fluid..
	2 Bodies.
	1 Real body.
	Tolerance=2.416e-005.
	217 Face(s).
		217 of b-spline type.
	25398 Triangle(s).
	0 Face(s) that have no ref faces
	110 Plane surface(s).
	89 Cylinder surface(s).
	6 Cone surface(s).
	12 Torus surface(s).
	539 Edge(s).
		539 of b-spline type.
	Geometry reading: 0.233 s.
	216 Reference Face(s).
	25356 Reference Triangles.
	GeometryRef reading: 0.027 s.
Last Geometry:
	Solid.
	Making hash and connectivity for geometry 0...
		CBodyGeom:
		Hash size: {42, 28, 42}.
		Mesh size: {14, 14, 14}.
		Hashing triangles...Ok.
		Making triangles connectivity...Ok. (0.189 s).
		Neighbour triangles: 100.00 % (good connect) - 0.00 % (bad connect). Min: 3. Max: 3.
		Done.
		CBodyGeomRef:
		Hashing triangles...Ok.
		Making triangles connectivity...Ok. (0.113 s).
		Neighbour triangles: Min: 1. Max: 3.
		Done.
	0.251 s.
Geometries reading and preparing has taken 0.561 s.

Mapped triangles:
Hashing geometries triangles
	Triangles num=25398
	Triangles box={-0.0159845  ,0.119009  ,0.019652  ,0.148054  ,0.0327033  ,0.167703  }
		3d-hash size is 228584 bytes
		Making triangles connectivity...Ok. (0.121 s).
		Neighbour triangles: 100.00 % (good connect) - 0.00 % (bad connect). Min: 3. Max: 3.
Hashing peculiar surfaces triangles
Mapped triangles processed in 0.175 s.
-----------------------------------------------------------------------

Current CPU = 0 sec
Flow Simulation 2017  x64 / 3967 / MESHER ver. efd_16_2.3794_16.02.2017 

Project: C:\Users\Trujillo\Documents\Thesis\SOLIDWORKS\SK3 - 6374 - 149KV\2\2.xmlconfig
Computer name:	DESKTOP-OA16SME
Operating system:	Windows 10 (or higher) (Version 10.0.17763)

SOLIDWORKS 2017 SP5.0

-----------------------------------------------------------------------
Mesh dimensions:
				I[0 ]=14
				I[1 ]=14
				I[2 ]=14
Solver refinement level	I[47]=0

Comp. domain size:
				a[0  ]=-0.0287174
				a[1  ]=0.126029
				a[2  ]=0
				a[3  ]=0.147906
				a[4  ]=0.0210161
				a[5  ]=0.185113
Wall thickness		a[231]=0
Gap size			a[232]=1

Fluid calculated			1
Solid calculated			0
-----------------------------------------------------------------------
MESH: distribute base bricks among sub-meshes...
	Base bricks count               2744
	Sub-meshes  count               4
	Base bricks count per sub-mesh  686 (+0)
	Sub-mesh 0: 686 base brick(s), range [0, 13]-[0, 13]-[0, 3]
	Sub-mesh 1: 686 base brick(s), range [0, 13]-[0, 13]-[3, 6]
	Sub-mesh 2: 686 base brick(s), range [0, 13]-[0, 13]-[7, 10]
	Sub-mesh 3: 686 base brick(s), range [0, 13]-[0, 13]-[10, 13]
-----------------------------------------------------------------------
-----------------------------------------------------------------------
MESH: collecting ghosts in sub-meshes...
	Sub-mesh 0:
		Total  brick(s) 882
		Native brick(s) 686
		Inner  brick(s) 490
		Outer  brick(s) 196
		Ghost  brick(s) 196
	Sub-mesh 1:
		Total  brick(s) 1078
		Native brick(s) 686
		Inner  brick(s) 294
		Outer  brick(s) 392
		Ghost  brick(s) 392
	Sub-mesh 2:
		Total  brick(s) 1078
		Native brick(s) 686
		Inner  brick(s) 294
		Outer  brick(s) 392
		Ghost  brick(s) 392
	Sub-mesh 3:
		Total  brick(s) 882
		Native brick(s) 686
		Inner  brick(s) 490
		Outer  brick(s) 196
		Ghost  brick(s) 196
	Total brick(s) 2744
-----------------------------------------------------------------------
Setting regions...OK (0.002 s)
Base mesh info------------------
	2D flag  =0
	Period   =[0, 0, 0]
	Nx=14
		x[0]=-0.0287174
		x[1]=-0.0159046
		x[2]=-0.00466828
		x[3]=0.00656857
		x[4]=0.0178054
		x[5]=0.0290423
		x[6]=0.0402791
		x[7]=0.051516
		x[8]=0.062161
		x[9]=0.0728062
		x[10]=0.0834514
		x[11]=0.0940966
		x[12]=0.104742
		x[13]=0.115387
		x[14]=0.126029
	Ny=14
		y[0]=0
		y[1]=0.0104701
		y[2]=0.0209373
		y[3]=0.0314114
		y[4]=0.0418855
		y[5]=0.0523597
		y[6]=0.0628338
		y[7]=0.0733079
		y[8]=0.083782
		y[9]=0.0944699
		y[10]=0.105158
		y[11]=0.115846
		y[12]=0.126533
		y[13]=0.137221
		y[14]=0.147906
	Nz=14
		z[0]=0.0210161
		z[1]=0.0323312
		z[2]=0.0436436
		z[3]=0.0549561
		z[4]=0.0662685
		z[5]=0.077581
		z[6]=0.0888934
		z[7]=0.100206
		z[8]=0.112336
		z[9]=0.124466
		z[10]=0.136596
		z[11]=0.148726
		z[12]=0.160856
		z[13]=0.172986
		z[14]=0.185113
End of base mesh info---------
Input_mesh_settings--------------------------------
Settings 0----------------
	Scope: GLOBAL
	Type:	------MESHER_SETTINGS----------
	RefAllCells           =0
	RefFluidCells         =0
	RefPartCells          =0
	RefSolidCells         =0
	l_SSFR(Capture crit)  =1
	l_curv(Curvature crit)=0
	l_tol(Tolerance crit) =0
	UseChannelRef         =1
	  NCR_method          =0
	  l_NCR               =1
	  N_gap               =10
	  Use d_NCR_min       =0
	  Use d_NCR_max       =0
	IgnoreThinChannelsHeight         =0
	--END_OF_MESHER_SETTINGS-------
End of input mesh settings-------------------------

-----------------------------------------------------------------------
Building geometries:
Building geometry Fluid.0.(0)...

-----------------------------------------------------------------------
Refining by triangulation...
Refinement input: 2744 bricks
Setting regions...OK (0.002 s)
	Re-balancing...
	Send and create bricks on destination sub meshes...
	Collecting ghosts...
	Balancing finished.
Refinement result: 3878 bricks (0.054 s)
Refinement input: 3878 bricks
Refinement result: 3878 bricks (0.002 s)
Collecting and processing rays...OK (0.087 s)
Capturing...OK (0.006 s)
Refining by triangulation takes 0.15 s
-----------------------------------------------------------------------

-----------------------------------------------------------------------
Refining peculiar surfaces...
0 surfaces refined
Refining peculiar surfaces takes 0.001 s
-----------------------------------------------------------------------
Collecting and processing rays...OK (0.001 s)
Capturing...OK (0.000 s)
Collecting and processing rays...OK (0.001 s)
Capturing...OK (0.000 s)
Collecting and processing rays...OK (0.001 s)
Capturing...OK (0.001 s)

-----------------------------------------------------------------------
Base mesh 1 Refining...
Refinement input: 3878 bricks
Refinement result: 3878 bricks (0.001 s)
Collecting and processing rays...OK (0.002 s)
Capturing...OK (0.000 s)
-----------------------------------------------------------------------
Refining channels...
FYI: CNarrowChannelRefiner::RefineChannels_PRLL: m_submesh_count=4
Refinement input: 3878 bricks
Setting regions...OK (0.002 s)
	Re-balancing...
	Send and create bricks on destination sub meshes...
	Collecting ghosts...
	Balancing finished.
Refinement result: 6363 bricks (0.013 s)
Collecting and processing rays...OK (0.032 s)
Capturing...OK (0.004 s)
FYI: m_iteration_count = 0
FYI: level1 statistics:
     level1_cnt_plus[1]=2840;		level1_cnt_minus[1]=0
     level1_cnt_plus[2]=0;		level1_cnt_minus[2]=0
     level1_cnt_plus[3]=0;		level1_cnt_minus[3]=0
     level1_cnt_plus[4]=0;		level1_cnt_minus[4]=0
     level1_cnt_plus[5]=0;		level1_cnt_minus[5]=0
     level1_cnt_plus[6]=0;		level1_cnt_minus[6]=0
     level1_cnt_plus[7]=0;		level1_cnt_minus[7]=0
     level1_cnt_plus[8]=0;		level1_cnt_minus[8]=0
     level1_cnt_plus[9]=0;		level1_cnt_minus[9]=0
FYI: m_iteration_count = 1
FYI: level1 statistics:
     level1_cnt_plus[1]=2840;		level1_cnt_minus[1]=0
     level1_cnt_plus[2]=0;		level1_cnt_minus[2]=0
     level1_cnt_plus[3]=0;		level1_cnt_minus[3]=0
     level1_cnt_plus[4]=0;		level1_cnt_minus[4]=0
     level1_cnt_plus[5]=0;		level1_cnt_minus[5]=0
     level1_cnt_plus[6]=0;		level1_cnt_minus[6]=0
     level1_cnt_plus[7]=0;		level1_cnt_minus[7]=0
     level1_cnt_plus[8]=0;		level1_cnt_minus[8]=0
     level1_cnt_plus[9]=0;		level1_cnt_minus[9]=0
FYI: level1 statistics:
     level1_cnt_plus[1]=2840;		level1_cnt_minus[1]=0
     level1_cnt_plus[2]=0;		level1_cnt_minus[2]=0
     level1_cnt_plus[3]=0;		level1_cnt_minus[3]=0
     level1_cnt_plus[4]=0;		level1_cnt_minus[4]=0
     level1_cnt_plus[5]=0;		level1_cnt_minus[5]=0
     level1_cnt_plus[6]=0;		level1_cnt_minus[6]=0
     level1_cnt_plus[7]=0;		level1_cnt_minus[7]=0
     level1_cnt_plus[8]=0;		level1_cnt_minus[8]=0
     level1_cnt_plus[9]=0;		level1_cnt_minus[9]=0
	CNarrowChannelRefiner::ChannelsResolution            function_total                0      = 0.298901 sec

-----------------------------------------------------------------------
U-shapes refinement...
Refinement input: 6363 bricks
Setting regions...OK (0.002 s)
Refinement result: 6384 bricks (0.008 s)
Collecting and processing rays...OK (0.001 s)
Capturing...OK (0.000 s)
-----------------------------------------------------------------------

-----------------------------------------------------------------------
Equi Distant Refiner:
Equi Distant Refiner takes 0.00 s
-----------------------------------------------------------------------
Building geometry takes 0.476 s
Geometry Fluid.0.
Total		6384
Partial	2561
Fluid		2922
Solid		696
Bad		205

/-Ray Intersection---------------/ Time	0.293 s
Calls			1557
CorrectRay Calls	0


Building geometries takes 0.477 s
-----------------------------------------------------------------------

-----------------------------------------------------------------------
PostBuilding geometries:
PostBuilding geometries takes 0 s
-----------------------------------------------------------------------
Defect ray count	0
FYI: CNarrowChannelRefiner::RedistributeLevel1_step_1: is finished
FYI: level1 statistics:
     level1_cnt_plus[1]=2840;		level1_cnt_minus[1]=0
     level1_cnt_plus[2]=0;		level1_cnt_minus[2]=0
     level1_cnt_plus[3]=0;		level1_cnt_minus[3]=0
     level1_cnt_plus[4]=0;		level1_cnt_minus[4]=0
     level1_cnt_plus[5]=0;		level1_cnt_minus[5]=0
     level1_cnt_plus[6]=0;		level1_cnt_minus[6]=0
     level1_cnt_plus[7]=0;		level1_cnt_minus[7]=0
     level1_cnt_plus[8]=0;		level1_cnt_minus[8]=0
     level1_cnt_plus[9]=0;		level1_cnt_minus[9]=0
FYI: CNarrowChannelRefiner::RedistributeLevel1_step_2: is started
FYI: CNarrowChannelRefiner::RedistributeLevel1_step_2: is finished
FYI: level1 statistics:
     level1_cnt_plus[1]=3492;		level1_cnt_minus[1]=0
     level1_cnt_plus[2]=0;		level1_cnt_minus[2]=0
     level1_cnt_plus[3]=0;		level1_cnt_minus[3]=0
     level1_cnt_plus[4]=0;		level1_cnt_minus[4]=0
     level1_cnt_plus[5]=0;		level1_cnt_minus[5]=0
     level1_cnt_plus[6]=0;		level1_cnt_minus[6]=0
     level1_cnt_plus[7]=0;		level1_cnt_minus[7]=0
     level1_cnt_plus[8]=0;		level1_cnt_minus[8]=0
     level1_cnt_plus[9]=0;		level1_cnt_minus[9]=0
FYI: CNarrowChannelRefiner::RedistributeLevel1_step_3: is started
FYI: CNarrowChannelRefiner::RedistributeLevel1_step_3: is finished
RedistributeLevel1 takes:
	CNarrowChannelRefiner::RedistributeLevel1            function_total                0      = 0.191475 sec
FYI: level1 statistics:
     level1_cnt_plus[1]=3492;		level1_cnt_minus[1]=542
     level1_cnt_plus[2]=0;		level1_cnt_minus[2]=0
     level1_cnt_plus[3]=0;		level1_cnt_minus[3]=0
     level1_cnt_plus[4]=0;		level1_cnt_minus[4]=0
     level1_cnt_plus[5]=0;		level1_cnt_minus[5]=0
     level1_cnt_plus[6]=0;		level1_cnt_minus[6]=0
     level1_cnt_plus[7]=0;		level1_cnt_minus[7]=0
     level1_cnt_plus[8]=0;		level1_cnt_minus[8]=0
     level1_cnt_plus[9]=0;		level1_cnt_minus[9]=0
-----------------------------------------------------------------------
BCF-Builder Iteration: 0
Memory Working Set Current = 46.09 Mb, Memory Working Set Peak = 49.39 Mb
Process Threads Number: 13
Loading geometries triangulation & x-stacks...OK
	Sub-mesh 0:
		Total  brick(s) 2033
		Native brick(s) 1604
		Inner  brick(s) 1211
		Outer  brick(s) 393
		Ghost  brick(s) 429
	Sub-mesh 1:
		Total  brick(s) 2445
		Native brick(s) 1590
		Inner  brick(s) 705
		Outer  brick(s) 885
		Ghost  brick(s) 855
	Sub-mesh 2:
		Total  brick(s) 2445
		Native brick(s) 1590
		Inner  brick(s) 741
		Outer  brick(s) 849
		Ghost  brick(s) 855
	Sub-mesh 3:
		Total  brick(s) 1987
		Native brick(s) 1600
		Inner  brick(s) 1201
		Outer  brick(s) 399
		Ghost  brick(s) 387
	Total brick(s) 6384

-----------------------------------------------------------------------
MSH (Real Geometry) format constructor:
Getting submesh brick sets...OK (0.001 s)
Level 1
	Inner time 0.438 s
	Outer Time 0.553 s
	Level Time 0.991 s
Level 0
	Inner time 0.153 s
	Outer Time 0.288 s
	Level Time 0.444 s

Brick parser time info:
	2.678 s - time_Run
		0.065 s - time_ConstructPoints
			0.053 s - time_ConstructPointsAddFind2
		0.091 s - time_ConstructPointsAndConnectsFromNb
		0.054 s - time_AddRibConnects
		0.320 s - time_ConstructBrickFacets
			0.147 s - time_CalculateQpoints
				0.056 s - time_AddFacetPoint_GetFacesQpoint
					0.007 s - time_GetFacesQpoint_UShaped
						0.007 s - time_GetFacesQpoint2
					0.000 s - time_GetFacesQpoint_AddEdgesToList
					0.049 s - time_Edge_GetClosestPointOn
					0.006 s - time_Edge_NewtonMethod
					0.000 s - time_GetFacesQpoint_ManyFinds
				0.081 s - time_AddFacetPoint_AddQPoint
					0.087 s - time_PointReverseEvaluate
				0.001 s - time_AddFacetPoint_AddFind2
		0.000 s - time_RemoveOddConnects
		0.035 s - time_TestConnectivity
		0.001 s - time_ValidateXeps
		0.053 s - time_ConstructFaceAs
		0.010 s - time_ConstructCvs
		0.009 s - time_ConstructFaceWs
		0.068 s - time_RealGeomAddQPoints
		0.023 s - time_RealGeomAddNewFaces
		0.001 s - time_RealGeomInitOppositeGeomFaceInd
		0.194 s - time_RealGeomApproxCurveFaces
		0.000 s - time_Enum1
		0.000 s - time_Enum2
		0.000 s - time_RealGeomCheckInvalidConnects
		1.656 s - time_RealGeomParameters
			0.668 s - time_CalculateParametersOfCv
			0.953 s - time_CalculateParametersOfFace
				0.184 s - time_CalculateRR
				0.767 s - time_CalculateRefFaceData
				0.001 s - time_CalculateLambdaProjection
			0.030 s - time_SetFacesOrientation
Result:
	Bricks number:                        6384

	Memory usage:                         1.973 MB
	Memory usage (per brick):             0.316 KB
	Construction time:                    1.510 s

	Topology features:
	------------------
	- High quality bricks                  99.89 % (6377)
	- Medium quality bricks                 0.11 % (7)
	- Bad quality bricks                    0.00 % (0)
	- Ribs corrected bricks                 0.00 % (0)
	- Points with geom-info (bricks)        0.38 % (24)
	- Points with closest-info (bricks)     0.06 % (4)
	- Triangulated by center (bricks)       0.23 % (15)
	- Facet w-faces mergings (bricks)       0.00 % (0)
	- To refine (bricks)                    0.00 % (0)

Memory Working Set Current = 57.43 Mb, Memory Working Set Peak = 65.30 Mb
Process Threads Number: 13
-----------------------------------------------------------------------
-----------------------------------------------------------------------
MSH --> BCF format (Iteration 0)...
BCF collector...
	(3) Bcf collect time 0.474 s (3100 avs, 2399 fws)
	(0) Bcf collect time 0.510 s (3141 avs, 2703 fws)
	(2) Bcf collect time 0.512 s (4214 avs, 3971 fws)
	(1) Bcf collect time 0.514 s (4171 avs, 4065 fws)
	(0) Remove defect avs time 0.013 s
	(1) Remove defect avs time 0.014 s
	(3) Remove defect avs time 0.014 s
	(2) Remove defect avs time 0.014 s
Defect subdomain detector...
		1 subdomain(s) of gi=0 (real bodies = 1).
			Subdomain 0: 6123 av
		Get real subdoms time 0.000 s
		Mark defect subdomains by closed av...
		Mark by closed av time 0.001 s
		Mark defect subdomains by real bodies...
		0 defect subdomain(s) of gi=0.
		2 subdomain(s) of gi=1 (real bodies = 0).
			Subdomain 0: 2879 av
			Subdomain 1: 1232 av
		Get real subdoms time 0.000 s
		0 defect subdomain(s) of gi=1.
	(2) Remove defect subdoms time 0.007 s
	(0) Remove defect subdoms time 0.006 s
	(3) Remove defect subdoms time 0.007 s
	(1) Remove defect subdoms time 0.007 s
NB-faces collector & conservator...
Sub-mesh 0.
	Conservated total=4 (bb-faces=0)
Sub-mesh 1.
	Conservated total=2 (bb-faces=0)
Sub-mesh 2.
	Conservated total=1 (bb-faces=0)
Sub-mesh 3.
	Conservated total=1 (bb-faces=0)
	(3) Bcf calc time 0.114 s
	(0) Bcf calc time 0.131 s
	(1) Bcf calc time 0.202 s
	(2) Bcf calc time 0.217 s
FACE_W optimizer ...
Sub-mesh 0.
	Before optimization total=3981 (fs=2703, ff=0, ss=0)
	After  optimization total=3759 (fs=2481, ff=0, ss=0)
Sub-mesh 1.
	Before optimization total=5799 (fs=4065, ff=0, ss=0)
	After  optimization total=5600 (fs=3866, ff=0, ss=0)
Sub-mesh 2.
	Before optimization total=5694 (fs=3971, ff=0, ss=0)
	After  optimization total=5567 (fs=3844, ff=0, ss=0)
Sub-mesh 3.
	Before optimization total=3706 (fs=2399, ff=0, ss=0)
	After  optimization total=3574 (fs=2267, ff=0, ss=0)
-----------------------------------------------------------------------
-----------------------------------------------------------------------
Merging BCF...
Merging bricks trees...OK (0.01 s)
Merging av data...OK (0.01 s)
Merging a-faces data (fluid)...
	New a-face count   16638
	Bound a-face count 1181 (7.10 %)
Merging a-faces data takes 0.01 s
Merging a-faces data (solid)...
	New a-face count   10632
	Bound a-face count 835 (7.85 %)
Merging a-faces data takes 0.01 s
Merging w-faces data...
	New w-face count   9795
	Bound w-face count 0 (0.00 %)
	Need fw-nb         4168 (42.55 %)
Merging w-faces data takes 0.06 s
Merging BCF takes (0.11 s)
-----------------------------------------------------------------------

-----------------------------------------------------------------------
Geometrical diagonal nb-faces collector (cpu_num=4)...
	Time=0.138s.
-----------------------------------------------------------------------
Fluid Subdom Constructor: 1 subdom(s).
	Remove nb-fw from diff subdomains (fs)...
		Diff subdomains cases         0

-----------------------------------------------------------------------
BCF CHECKSUM DATA (Mesh 0):

FACE_A Area Sum:   G.Fluid        0.8757296452688244
FACE_A Area Sum:   G.Solid        0.2584867277841421
FACE_W Area Sum:                  0.2661303774741601
FACE_W Nb   Sum:                  99408
FACE_W min curvatures sum:        -466253.72752225
FACE_W max curvatures sum:        172359.94404995
AV Max Disbalance: G.Fluid        2.45886e-012 (cid=1314, avid=1188, pid=509)
AV Max Disbalance: G.Solid        1.87367e-011 (cid=1981, avid=7384, pid=1021)
-----------------------------------------------------------------------


-----------------------------------------------------------------------
MESHER TOPOLOGY DATA (Mesh 0):

BRICKS: Total                 6384
BRICKS: 1-CV                  3421
BRICKS: 2-CV                  2174
BRICKS: 3-CV                  694
BRICKS: 4-CV                  92
BRICKS: 5-CV                  3
BRICKS: Bad                   0

AV:     G.Total               10234
AV:     G.Fluid               6123
AV:     G.Solid               4111

AV:     G.Fluid Thin Profile    6.97 % (427)
AV:     G.Solid Thin Profile   10.07 % (414)

AV:     G.Fluid Thin For Mega   3.45 % (211)
AV:     G.Solid Thin For Mega   8.51 % (350)

AV:     G.Fluid Non-Convex     19.70 % (1206)
AV:     G.Solid Non-Convex     27.49 % (1130)

FACE_A: G.Fluid          (af) 16638 (partially opened 7385)
FACE_A: G.Solid          (as) 10632 (partially opened 7134)

FACE_W: G.Total                 9795        Brick/Bound
FACE_W: G.Fluid/Solid    (fs_g) 8486        0           
FACE_W: G.Fluid/Fluid    (ff_g) 0           0           
FACE_W: G.Solid/Solid    (ss_g) 0           0           
FACE_W: G.Fluid/External (fe_g) 1305
FACE_W: G.Solid/External (se_g) 4

AV max fa count:                21
AV max fw count:                18
AV max fw poly count:           18

MEMORY: Total                   4.792 MB
MEMORY: Per Brick               0.769 KB
-----------------------------------------------------------------------

-----------------------------------------------------------------------
Mega-cv constructor for fluid...
	 211 av's is treated as thin
Relative size generator (threshold = 0.05)...OK
	 310 mega-cv's generated
	 6 mega-cv's removed
Convert clusters:
	 304 mega-cv's total
Mega-cv count: 304
-----------------------------------------------------------------------
Mixing plane rotation regions: NO.
Sliding mesh rotation regions: NO.
Fluid/fluid faces: NO.
----------------------------------------------------------
BCF --> BCF.GEOMSUBDOM (bridge arrays) (cpu_num=4):
MESH (0):
	Fluid Subdom Constructor: 1 subdom(s).
	Solid Subdom Constructor: 2 subdom(s).
	Net Asm Subdom Constructor: 0 subdom(s).
	GEOMSUBDOM (0): gi=0 fluid av=6123 cv=5782 fa=16638 fw=9791 V=3.114693e-003
	GEOMSUBDOM (1): gi=1 solid av=2879 cv=2879 fa=8025 fw=4457 V=6.043608e-004
	GEOMSUBDOM (2): gi=1 solid av=1232 cv=1232 fa=2607 fw=4033 V=3.678772e-005
	Setting nb of w-faces...OK.

MESH (0) checking:
	GEOMSUBDOM (0):fa_s=0.8757296452688185 fw_s=0.2660983774934568 fw_nb=99392
	GEOMSUBDOM (1):fa_s=0.2374890313341814 fw_s=0.0823941016648576 fw_nb=45856
	GEOMSUBDOM (2):fa_s=0.0209976964499616 fw_s=0.0386636717607308 fw_nb=43146
MESH (0) checking: OK.
----------------------------------------------------------
-----------------------------------------------------------------------
Calculating curvature and tolerance criteria...
Curvature: min=0 max=3.14159
Tolerance: min=0 max=0.00545616
Calculating curvature and tolerance criteria takes 0.126 s
-----------------------------------------------------------------------
Current CPU = 4 sec

Nx=14
Ny=14
Nz=14
Max_RL=1
12. Saving initial mesh in: C:\Users\Trujillo\Documents\Thesis\SOLIDWORKS\SK3 - 6374 - 149KV\2\2.fld .
Storing results...
Estimated CPT size=2.290 MB.
OK
Memory Working Set Current = 68.16 Mb, Memory Working Set Peak = 71.25 Mb
Process Threads Number: 13
Cleaning memory...
Free Geometry DB takes 0.007 s
Copying... OK

------------------------------------------------------------------------------------------------------------
CPU report:
Function                                             CPU           descriptor                    nproc     
------------------------------------------------------------------------------------------------------------
GetGeometryFromSW                                    0.794 sec   function_total               
GetGeometryFromSW                                    0.261 sec   InitGeometryTriangles        
CMesh::PrepareMappedTriangles                        0.175 sec   function_total               
SwapGeometries                                       0.000 sec   function_total               
CMesh::PreBuild                                      0.011 sec   function_total               
SetBrickRegion                                       0.010 sec   function_total               
CMesh::Build                                         0.479 sec   function_total               
CMesh::BuildGeometry                                 0.475 sec   function_total               
ActivateAllCellsParameters                           0.002 sec   function_total               
RefineByTriangles                                    0.149 sec   function_total               
CaptureRefined                                       0.139 sec   function_total               
GetMultiRaysIntersections                            0.106 sec   full                         
CRayCollector::CorrectRays2                          0.011 sec   full                         
CRayCollector::CorrectRays2                          0.005 sec   stage_1_collect_undefined_vertices1
RefinePeculiarSurfaces                               0.002 sec   function_total               
CNarrowChannelRefiner::ChannelsResolution            0.299 sec   function_total               
CNarrowChannelRefiner::RefineChannels_PRLL           0.298 sec   function_total               
CNarrowChannelRefiner::GetMainNormals                0.117 sec   function_total               
CNarrowChannelRefiner::GetMainNormals                0.169 sec   function_total               
CNarrowChannelRefiner::GetMainNormals                0.167 sec   function_total               
CNarrowChannelRefiner::GetMainNormals                0.096 sec   function_total               
CNarrowChannelRefiner::facade_bricks_of_brick_dirv   0.076 sec   function_total               
CNarrowChannelRefiner::facade_bricks_of_brick_dirv   0.155 sec   function_total               
CNarrowChannelRefiner::facade_bricks_of_brick_dirv   0.146 sec   function_total               
CNarrowChannelRefiner::facade_bricks_of_brick_dirv   0.059 sec   function_total               
CNarrowChannelRefiner::next_brick_on_ray             0.075 sec   function_total               
CNarrowChannelRefiner::next_brick_on_ray             0.153 sec   function_total               
CNarrowChannelRefiner::next_brick_on_ray             0.144 sec   function_total               
CNarrowChannelRefiner::next_brick_on_ray             0.058 sec   function_total               
CNarrowChannelRefiner::RefineChannels_PRLL           0.049 sec   NCR_execute_refinement       
CMesh::BuildGeometry                                 0.001 sec   equidistant_refiner          
CNarrowChannelRefiner::RedistributeLevel1            0.194 sec   function_total               
CTPBuilder::build_bcf                                2.669 sec   function_total               
CTPBuilder::bcf_builder                              2.579 sec   function_total               
LoadTrianglesAndXSL                                  0.000 sec   function_total               
CTPBuilder::collect_msh_format                       1.525 sec   function_total               
CTPBuilder::Run                                      0.759 sec   bcf_collect                  
CTPBuilder::Run                                      0.282 sec   bcf_merge                    
CTPBuilder::build_bcf                                0.051 sec   collect_mega_cv              
CTPBuilder::build_bcf                                0.038 sec   convert_to_mds_function      
CMesh::CalculateCurvatureAndToleranceCriteria        0.126 sec   function_total               
Store_Res_2                                          0.186 sec   function_total               
Freemem_CPT                                          0.028 sec   function_total               
------------------------------------------------------------------------------------------------------------

Mesh generation normally finished at	28.8.2019	12:12:18
Mesher CPU = 4 sec
Mesher is finished at	28.8.2019	12:12:18
