This is pdfTeX, Version 3.14159265-2.6-1.40.19 (MiKTeX 2.9.6930 64-bit) (preloaded format=pdflatex 2019.4.9)  11 APR 2019 19:10
entering extended mode
**./finalchapter.tex
(finalchapter.tex
LaTeX2e <2018-12-01>
\bibdata{references}
No file finalchapter.bbl.
)
! Emergency stop.
<*> ./finalchapter.tex
                      
*** (job aborted, no legal \end found)

 
Here is how much of TeX's memory you used:
 8 strings out of 492946
 212 string characters out of 3124935
 56586 words of memory out of 3000000
 4004 multiletter control sequences out of 15000+200000
 3640 words of font info for 14 fonts, out of 3000000 for 9000
 1141 hyphenation exceptions out of 8191
 6i,0n,5p,72b,17s stack positions out of 5000i,500n,10000p,200000b,50000s
!  ==> Fatal error occurred, no output PDF file produced!
